[27-Sep-2017 20:48:37 UTC] WP_Community_Events::maybe_log_events_response: Valid response received. Details: {"api_url":"https:\/\/api.wordpress.org\/events\/1.0\/","request_args":{"body":{"number":5,"ip":"127.0.0.0","locale":"en_US","timezone":"Europe\/Chisinau"}},"response_code":200,"response_body":{"location":{"ip":"95.65.55.5"},"events":"0 events trimmed."}}
[27-Sep-2017 21:18:02 UTC] PHP Notice:  Undefined index: exists in /Applications/XAMPP/xamppfiles/htdocs/test/wp-content/plugins/duplicator/ctrls/ctrl.tools.php on line 94
[27-Sep-2017 21:18:02 UTC] PHP Warning:  in_array() expects parameter 2 to be array, null given in /Applications/XAMPP/xamppfiles/htdocs/test/wp-content/plugins/duplicator/ctrls/ctrl.tools.php on line 94
[27-Sep-2017 21:26:45 UTC] WP_Community_Events::maybe_log_events_response: Valid response received. Details: {"api_url":"https:\/\/api.wordpress.org\/events\/1.0\/","request_args":{"body":{"number":5,"ip":"127.0.0.0","locale":"en_US","timezone":"Europe\/Chisinau"}},"response_code":200,"response_body":{"location":{"ip":"95.65.55.5"},"events":"0 events trimmed."}}
[23-Nov-2017 21:22:36 UTC] PHP Warning:  include_once(/Applications/MAMP/htdocs/luximobil/wp-content/plugins/custom-sidebars/customsidebars.php): failed to open stream: No such file or directory in /Applications/MAMP/htdocs/luximobil/wp-settings.php on line 303
[23-Nov-2017 21:22:36 UTC] PHP Warning:  include_once(): Failed opening '/Applications/MAMP/htdocs/luximobil/wp-content/plugins/custom-sidebars/customsidebars.php' for inclusion (include_path='.:/Applications/MAMP/bin/php/php7.1.8/lib/php') in /Applications/MAMP/htdocs/luximobil/wp-settings.php on line 303
[23-Nov-2017 21:22:37 UTC] PHP Notice:  Undefined index: exists in /Applications/MAMP/htdocs/luximobil/wp-content/plugins/duplicator/ctrls/ctrl.tools.php on line 94
[23-Nov-2017 21:22:37 UTC] PHP Warning:  in_array() expects parameter 2 to be array, null given in /Applications/MAMP/htdocs/luximobil/wp-content/plugins/duplicator/ctrls/ctrl.tools.php on line 94
[23-Nov-2017 21:23:29 UTC] PHP Warning:  fopen(/Applications/MAMP/htdocs/luximobil/wp-content/plugins/wordpress-seo/wp-seo.php): failed to open stream: No such file or directory in /Applications/MAMP/htdocs/luximobil/wp-includes/functions.php on line 4785
[23-Nov-2017 21:23:29 UTC] PHP Warning:  fread() expects parameter 1 to be resource, boolean given in /Applications/MAMP/htdocs/luximobil/wp-includes/functions.php on line 4788
[23-Nov-2017 21:23:29 UTC] PHP Warning:  fclose() expects parameter 1 to be resource, boolean given in /Applications/MAMP/htdocs/luximobil/wp-includes/functions.php on line 4791
[23-Nov-2017 21:23:33 UTC] PHP Warning:  fopen(/Applications/MAMP/htdocs/luximobil/wp-content/plugins/wordpress-seo/wp-seo.php): failed to open stream: No such file or directory in /Applications/MAMP/htdocs/luximobil/wp-includes/functions.php on line 4785
[23-Nov-2017 21:23:33 UTC] PHP Warning:  fread() expects parameter 1 to be resource, boolean given in /Applications/MAMP/htdocs/luximobil/wp-includes/functions.php on line 4788
[23-Nov-2017 21:23:33 UTC] PHP Warning:  fclose() expects parameter 1 to be resource, boolean given in /Applications/MAMP/htdocs/luximobil/wp-includes/functions.php on line 4791
[28-Nov-2017 23:22:25 UTC] PHP Notice:  Undefined index: exists in /Applications/MAMP/htdocs/luximobil/wp-content/plugins/duplicator/ctrls/ctrl.tools.php on line 94
[28-Nov-2017 23:22:25 UTC] PHP Warning:  in_array() expects parameter 2 to be array, null given in /Applications/MAMP/htdocs/luximobil/wp-content/plugins/duplicator/ctrls/ctrl.tools.php on line 94
[25-Jan-2018 22:39:28 UTC] PHP Notice:  Undefined index: exists in /Applications/MAMP/htdocs/jhframework/wp-content/plugins/duplicator/ctrls/ctrl.tools.php on line 94
[25-Jan-2018 22:39:28 UTC] PHP Warning:  in_array() expects parameter 2 to be array, null given in /Applications/MAMP/htdocs/jhframework/wp-content/plugins/duplicator/ctrls/ctrl.tools.php on line 94
[26-Jan-2018 18:19:49 UTC] PHP Notice:  Undefined variable: menu_slug in /Applications/MAMP/htdocs/jhframework/wp-content/themes/jh-theme/functions.php on line 587
[26-Jan-2018 18:19:49 UTC] PHP Warning:  Cannot modify header information - headers already sent by (output started at /Applications/MAMP/htdocs/jhframework/wp-content/themes/jh-theme/functions.php:587) in /Applications/MAMP/htdocs/jhframework/wp-admin/includes/misc.php on line 1114
[27-Jan-2018 14:56:45 UTC] PHP Warning:  require(/Applications/MAMP/htdocs/jhframework/wp-content/themes/jh-theme/inc/jetpack.php): failed to open stream: No such file or directory in /Applications/MAMP/htdocs/jhframework/wp-content/themes/jh-theme/functions.php on line 202
[27-Jan-2018 14:56:45 UTC] PHP Fatal error:  require(): Failed opening required '/Applications/MAMP/htdocs/jhframework/wp-content/themes/jh-theme/inc/jetpack.php' (include_path='.:/Applications/MAMP/bin/php/php5.6.31/lib/php') in /Applications/MAMP/htdocs/jhframework/wp-content/themes/jh-theme/functions.php on line 202
[27-Jan-2018 14:58:46 UTC] PHP Warning:  require(/Applications/MAMP/htdocs/jhframework/wp-content/themes/jh-theme/inc/jetpack.php): failed to open stream: No such file or directory in /Applications/MAMP/htdocs/jhframework/wp-content/themes/jh-theme/functions.php on line 202
[27-Jan-2018 14:58:46 UTC] PHP Fatal error:  require(): Failed opening required '/Applications/MAMP/htdocs/jhframework/wp-content/themes/jh-theme/inc/jetpack.php' (include_path='.:/Applications/MAMP/bin/php/php5.6.31/lib/php') in /Applications/MAMP/htdocs/jhframework/wp-content/themes/jh-theme/functions.php on line 202
[27-Jan-2018 15:00:47 UTC] PHP Warning:  require(/Applications/MAMP/htdocs/jhframework/wp-content/themes/jh-theme/inc/jetpack.php): failed to open stream: No such file or directory in /Applications/MAMP/htdocs/jhframework/wp-content/themes/jh-theme/functions.php on line 202
[27-Jan-2018 15:00:47 UTC] PHP Fatal error:  require(): Failed opening required '/Applications/MAMP/htdocs/jhframework/wp-content/themes/jh-theme/inc/jetpack.php' (include_path='.:/Applications/MAMP/bin/php/php5.6.31/lib/php') in /Applications/MAMP/htdocs/jhframework/wp-content/themes/jh-theme/functions.php on line 202
[27-Jan-2018 15:07:01 UTC] PHP Warning:  require(/Applications/MAMP/htdocs/jhframework/wp-content/themes/jh-theme/inc/jetpack.php): failed to open stream: No such file or directory in /Applications/MAMP/htdocs/jhframework/wp-content/themes/jh-theme/functions.php on line 135
[27-Jan-2018 15:07:01 UTC] PHP Fatal error:  require(): Failed opening required '/Applications/MAMP/htdocs/jhframework/wp-content/themes/jh-theme/inc/jetpack.php' (include_path='.:/Applications/MAMP/bin/php/php5.6.31/lib/php') in /Applications/MAMP/htdocs/jhframework/wp-content/themes/jh-theme/functions.php on line 135
[27-Jan-2018 15:07:02 UTC] PHP Warning:  require(/Applications/MAMP/htdocs/jhframework/wp-content/themes/jh-theme/inc/jetpack.php): failed to open stream: No such file or directory in /Applications/MAMP/htdocs/jhframework/wp-content/themes/jh-theme/functions.php on line 135
[27-Jan-2018 15:07:02 UTC] PHP Fatal error:  require(): Failed opening required '/Applications/MAMP/htdocs/jhframework/wp-content/themes/jh-theme/inc/jetpack.php' (include_path='.:/Applications/MAMP/bin/php/php5.6.31/lib/php') in /Applications/MAMP/htdocs/jhframework/wp-content/themes/jh-theme/functions.php on line 135
[27-Jan-2018 15:07:51 UTC] PHP Warning:  require(/Applications/MAMP/htdocs/jhframework/wp-content/themes/jh-theme/inc/jetpack.php): failed to open stream: No such file or directory in /Applications/MAMP/htdocs/jhframework/wp-content/themes/jh-theme/functions.php on line 135
[27-Jan-2018 15:07:51 UTC] PHP Fatal error:  require(): Failed opening required '/Applications/MAMP/htdocs/jhframework/wp-content/themes/jh-theme/inc/jetpack.php' (include_path='.:/Applications/MAMP/bin/php/php5.6.31/lib/php') in /Applications/MAMP/htdocs/jhframework/wp-content/themes/jh-theme/functions.php on line 135
[27-Jan-2018 15:08:31 UTC] PHP Warning:  require(/Applications/MAMP/htdocs/jhframework/wp-content/themes/jh-theme/inc/jetpack.php): failed to open stream: No such file or directory in /Applications/MAMP/htdocs/jhframework/wp-content/themes/jh-theme/functions.php on line 187
[27-Jan-2018 15:08:31 UTC] PHP Fatal error:  require(): Failed opening required '/Applications/MAMP/htdocs/jhframework/wp-content/themes/jh-theme/inc/jetpack.php' (include_path='.:/Applications/MAMP/bin/php/php5.6.31/lib/php') in /Applications/MAMP/htdocs/jhframework/wp-content/themes/jh-theme/functions.php on line 187
[27-Jan-2018 15:08:46 UTC] PHP Warning:  require(/Applications/MAMP/htdocs/jhframework/wp-content/themes/jh-theme/inc/jetpack.php): failed to open stream: No such file or directory in /Applications/MAMP/htdocs/jhframework/wp-content/themes/jh-theme/functions.php on line 195
[27-Jan-2018 15:08:46 UTC] PHP Fatal error:  require(): Failed opening required '/Applications/MAMP/htdocs/jhframework/wp-content/themes/jh-theme/inc/jetpack.php' (include_path='.:/Applications/MAMP/bin/php/php5.6.31/lib/php') in /Applications/MAMP/htdocs/jhframework/wp-content/themes/jh-theme/functions.php on line 195
[27-Jan-2018 15:08:53 UTC] PHP Warning:  require(/Applications/MAMP/htdocs/jhframework/wp-content/themes/jh-theme/inc/jetpack.php): failed to open stream: No such file or directory in /Applications/MAMP/htdocs/jhframework/wp-content/themes/jh-theme/functions.php on line 196
[27-Jan-2018 15:08:53 UTC] PHP Fatal error:  require(): Failed opening required '/Applications/MAMP/htdocs/jhframework/wp-content/themes/jh-theme/inc/jetpack.php' (include_path='.:/Applications/MAMP/bin/php/php5.6.31/lib/php') in /Applications/MAMP/htdocs/jhframework/wp-content/themes/jh-theme/functions.php on line 196
[27-Jan-2018 15:09:04 UTC] PHP Warning:  require(/Applications/MAMP/htdocs/jhframework/wp-content/themes/jh-theme/inc/jetpack.php): failed to open stream: No such file or directory in /Applications/MAMP/htdocs/jhframework/wp-content/themes/jh-theme/functions.php on line 202
[27-Jan-2018 15:09:04 UTC] PHP Fatal error:  require(): Failed opening required '/Applications/MAMP/htdocs/jhframework/wp-content/themes/jh-theme/inc/jetpack.php' (include_path='.:/Applications/MAMP/bin/php/php5.6.31/lib/php') in /Applications/MAMP/htdocs/jhframework/wp-content/themes/jh-theme/functions.php on line 202
[27-Jan-2018 15:09:15 UTC] PHP Warning:  require(/Applications/MAMP/htdocs/jhframework/wp-content/themes/jh-theme/inc/jetpack.php): failed to open stream: No such file or directory in /Applications/MAMP/htdocs/jhframework/wp-content/themes/jh-theme/functions.php on line 202
[27-Jan-2018 15:09:15 UTC] PHP Fatal error:  require(): Failed opening required '/Applications/MAMP/htdocs/jhframework/wp-content/themes/jh-theme/inc/jetpack.php' (include_path='.:/Applications/MAMP/bin/php/php5.6.31/lib/php') in /Applications/MAMP/htdocs/jhframework/wp-content/themes/jh-theme/functions.php on line 202
[27-Jan-2018 15:09:18 UTC] PHP Warning:  require(/Applications/MAMP/htdocs/jhframework/wp-content/themes/jh-theme/inc/jetpack.php): failed to open stream: No such file or directory in /Applications/MAMP/htdocs/jhframework/wp-content/themes/jh-theme/functions.php on line 202
[27-Jan-2018 15:09:18 UTC] PHP Fatal error:  require(): Failed opening required '/Applications/MAMP/htdocs/jhframework/wp-content/themes/jh-theme/inc/jetpack.php' (include_path='.:/Applications/MAMP/bin/php/php5.6.31/lib/php') in /Applications/MAMP/htdocs/jhframework/wp-content/themes/jh-theme/functions.php on line 202
[27-Jan-2018 15:34:47 UTC] PHP Notice:  Undefined variable: theme_dir in /Applications/MAMP/htdocs/jhframework/wp-content/themes/jh-theme/theme-includes/core/jh-admin.php on line 10
[27-Jan-2018 15:34:48 UTC] PHP Notice:  Undefined variable: theme_dir in /Applications/MAMP/htdocs/jhframework/wp-content/themes/jh-theme/theme-includes/core/jh-admin.php on line 10
[27-Jan-2018 16:00:18 UTC] PHP Fatal error:  Call to undefined function JHUseSidebar() in /Applications/MAMP/htdocs/jhframework/wp-content/themes/jh-theme/header.php on line 35
[22-Mar-2018 17:48:51 UTC] PHP Notice:  screen_icon is <strong>deprecated</strong> since version 3.8.0 with no alternative available. in /Applications/MAMP/htdocs/jhframework/wp-includes/functions.php on line 3842
[22-Mar-2018 17:48:51 UTC] PHP Notice:  get_screen_icon is <strong>deprecated</strong> since version 3.8.0 with no alternative available. in /Applications/MAMP/htdocs/jhframework/wp-includes/functions.php on line 3842
[22-Mar-2018 18:04:49 UTC] PHP Warning:  Cannot modify header information - headers already sent by (output started at /Applications/MAMP/htdocs/jhframework/wp-content/themes/jh-theme/extensions/shortcodes/JH-shortcodes.php:93) in /Applications/MAMP/htdocs/jhframework/wp-admin/includes/misc.php on line 1114
[22-Mar-2018 18:04:50 UTC] PHP Warning:  Cannot modify header information - headers already sent by (output started at /Applications/MAMP/htdocs/jhframework/wp-content/themes/jh-theme/extensions/shortcodes/JH-shortcodes.php:93) in /Applications/MAMP/htdocs/jhframework/wp-admin/includes/misc.php on line 1114
[22-Mar-2018 18:05:51 UTC] PHP Warning:  Cannot modify header information - headers already sent by (output started at /Applications/MAMP/htdocs/jhframework/wp-content/themes/jh-theme/extensions/shortcodes/JH-shortcodes.php:93) in /Applications/MAMP/htdocs/jhframework/wp-admin/includes/misc.php on line 1114
[22-Mar-2018 18:06:52 UTC] PHP Warning:  Cannot modify header information - headers already sent by (output started at /Applications/MAMP/htdocs/jhframework/wp-content/themes/jh-theme/extensions/shortcodes/JH-shortcodes.php:93) in /Applications/MAMP/htdocs/jhframework/wp-admin/includes/misc.php on line 1114
[22-Mar-2018 18:08:52 UTC] PHP Warning:  Cannot modify header information - headers already sent by (output started at /Applications/MAMP/htdocs/jhframework/wp-content/themes/jh-theme/extensions/shortcodes/JH-shortcodes.php:93) in /Applications/MAMP/htdocs/jhframework/wp-admin/includes/misc.php on line 1114
[22-Mar-2018 18:10:53 UTC] PHP Warning:  Cannot modify header information - headers already sent by (output started at /Applications/MAMP/htdocs/jhframework/wp-content/themes/jh-theme/extensions/shortcodes/JH-shortcodes.php:93) in /Applications/MAMP/htdocs/jhframework/wp-admin/includes/misc.php on line 1114
[22-Mar-2018 18:11:54 UTC] PHP Warning:  Cannot modify header information - headers already sent by (output started at /Applications/MAMP/htdocs/jhframework/wp-content/themes/jh-theme/extensions/shortcodes/JH-shortcodes.php:93) in /Applications/MAMP/htdocs/jhframework/wp-admin/includes/misc.php on line 1114
[22-Mar-2018 18:11:56 UTC] PHP Warning:  Cannot modify header information - headers already sent by (output started at /Applications/MAMP/htdocs/jhframework/wp-content/themes/jh-theme/extensions/shortcodes/JH-shortcodes.php:93) in /Applications/MAMP/htdocs/jhframework/wp-admin/includes/misc.php on line 1114
[22-Mar-2018 18:11:58 UTC] PHP Warning:  Cannot modify header information - headers already sent by (output started at /Applications/MAMP/htdocs/jhframework/wp-content/themes/jh-theme/extensions/shortcodes/JH-shortcodes.php:93) in /Applications/MAMP/htdocs/jhframework/wp-admin/includes/misc.php on line 1114
[22-Mar-2018 18:13:13 UTC] PHP Warning:  Cannot modify header information - headers already sent by (output started at /Applications/MAMP/htdocs/jhframework/wp-content/themes/jh-theme/extensions/shortcodes/JH-shortcodes.php:93) in /Applications/MAMP/htdocs/jhframework/wp-admin/includes/misc.php on line 1114
[22-Mar-2018 18:13:14 UTC] PHP Warning:  Cannot modify header information - headers already sent by (output started at /Applications/MAMP/htdocs/jhframework/wp-content/themes/jh-theme/extensions/shortcodes/JH-shortcodes.php:93) in /Applications/MAMP/htdocs/jhframework/wp-admin/includes/misc.php on line 1114
[22-Mar-2018 18:14:16 UTC] PHP Warning:  Cannot modify header information - headers already sent by (output started at /Applications/MAMP/htdocs/jhframework/wp-content/themes/jh-theme/extensions/shortcodes/JH-shortcodes.php:93) in /Applications/MAMP/htdocs/jhframework/wp-admin/includes/misc.php on line 1114
[22-Mar-2018 18:14:43 UTC] PHP Warning:  Cannot modify header information - headers already sent by (output started at /Applications/MAMP/htdocs/jhframework/wp-content/themes/jh-theme/extensions/shortcodes/JH-shortcodes.php:93) in /Applications/MAMP/htdocs/jhframework/wp-admin/includes/misc.php on line 1114
[22-Mar-2018 18:14:44 UTC] PHP Warning:  Cannot modify header information - headers already sent by (output started at /Applications/MAMP/htdocs/jhframework/wp-content/themes/jh-theme/extensions/shortcodes/JH-shortcodes.php:93) in /Applications/MAMP/htdocs/jhframework/wp-admin/includes/misc.php on line 1114
[22-Mar-2018 18:16:02 UTC] PHP Warning:  call_user_func_array() expects parameter 1 to be a valid callback, function 'wptuts_register_buttons' not found or invalid function name in /Applications/MAMP/htdocs/jhframework/wp-includes/class-wp-hook.php on line 288
[22-Mar-2018 18:16:02 UTC] PHP Warning:  implode(): Invalid arguments passed in /Applications/MAMP/htdocs/jhframework/wp-includes/class-wp-editor.php on line 662
[22-Mar-2018 18:16:02 UTC] PHP Warning:  call_user_func_array() expects parameter 1 to be a valid callback, function 'wptuts_register_buttons' not found or invalid function name in /Applications/MAMP/htdocs/jhframework/wp-includes/class-wp-hook.php on line 288
[22-Mar-2018 18:16:02 UTC] PHP Warning:  implode(): Invalid arguments passed in /Applications/MAMP/htdocs/jhframework/wp-includes/class-wp-editor.php on line 662
[22-Mar-2018 18:16:02 UTC] PHP Warning:  call_user_func_array() expects parameter 1 to be a valid callback, function 'wptuts_register_buttons' not found or invalid function name in /Applications/MAMP/htdocs/jhframework/wp-includes/class-wp-hook.php on line 288
[22-Mar-2018 18:16:02 UTC] PHP Warning:  implode(): Invalid arguments passed in /Applications/MAMP/htdocs/jhframework/wp-content/plugins/advanced-custom-fields-pro/includes/fields/class-acf-field-wysiwyg.php on line 213
[22-Mar-2018 18:18:52 UTC] PHP Notice:  Undefined index: wptuts in /Applications/MAMP/htdocs/jhframework/wp-content/themes/jh-theme/extensions/shortcodes/JH-shortcodes.php on line 68
[22-Mar-2018 18:23:23 UTC] PHP Warning:  include(theme-includes/helpers.php): failed to open stream: No such file or directory in /Applications/MAMP/htdocs/jhframework/wp-content/themes/jh-theme/functions.php on line 14
[22-Mar-2018 18:23:23 UTC] PHP Warning:  include(): Failed opening 'theme-includes/helpers.php' for inclusion (include_path='.:/Applications/MAMP/bin/php/php7.0.22/lib/php') in /Applications/MAMP/htdocs/jhframework/wp-content/themes/jh-theme/functions.php on line 14
[22-Mar-2018 18:24:13 UTC] PHP Warning:  include(theme-includes/helpers.php): failed to open stream: No such file or directory in /Applications/MAMP/htdocs/jhframework/wp-content/themes/jh-theme/functions.php on line 14
[22-Mar-2018 18:24:13 UTC] PHP Warning:  include(): Failed opening 'theme-includes/helpers.php' for inclusion (include_path='.:/Applications/MAMP/bin/php/php7.0.22/lib/php') in /Applications/MAMP/htdocs/jhframework/wp-content/themes/jh-theme/functions.php on line 14
[22-Mar-2018 18:24:13 UTC] PHP Warning:  Cannot modify header information - headers already sent by (output started at /Applications/MAMP/htdocs/jhframework/wp-content/themes/jh-theme/functions.php:14) in /Applications/MAMP/htdocs/jhframework/wp-admin/includes/misc.php on line 1114
[22-Mar-2018 18:26:26 UTC] PHP Warning:  include(theme-includes/helpers.php): failed to open stream: No such file or directory in /Applications/MAMP/htdocs/jhframework/wp-content/themes/jh-theme/functions.php on line 14
[22-Mar-2018 18:26:26 UTC] PHP Warning:  include(): Failed opening 'theme-includes/helpers.php' for inclusion (include_path='.:/Applications/MAMP/bin/php/php7.0.22/lib/php') in /Applications/MAMP/htdocs/jhframework/wp-content/themes/jh-theme/functions.php on line 14
[24-Mar-2018 17:29:30 UTC] PHP Notice:  Undefined index: exists in /Applications/MAMP/htdocs/cristianplop/wp-content/plugins/duplicator/ctrls/ctrl.tools.php on line 94
[24-Mar-2018 17:29:30 UTC] PHP Warning:  in_array() expects parameter 2 to be array, null given in /Applications/MAMP/htdocs/cristianplop/wp-content/plugins/duplicator/ctrls/ctrl.tools.php on line 94
